<?xml version="1.0" encoding="UTF-8"?>
<!-- Generated by org.testng.reporters.JUnitReportReporter -->
<testsuite hostname="LAPTOP-M6Q8BES5" failures="0" tests="1" name="testauto2.Anno2" time="0.011" errors="0" timestamp="2020-11-16T18:05:28 EST" skipped="0">
  <testcase classname="testauto2.Anno2" name="f2" time="0.011"/>
  <system-out/>
</testsuite> <!-- testauto2.Anno2 -->
