<?xml version="1.0" encoding="UTF-8"?>
<!-- Generated by org.testng.reporters.JUnitReportReporter -->
<testsuite hostname="LAPTOP-M6Q8BES5" failures="0" tests="1" name="testauto2.Jscriptex" time="19.219" errors="0" timestamp="2020-12-03T20:21:48 EST" skipped="0">
  <testcase classname="testauto2.Jscriptex" name="f" time="19.219"/>
  <system-out/>
</testsuite> <!-- testauto2.Jscriptex -->
