<?xml version="1.0" encoding="UTF-8"?>
<!-- Generated by org.testng.reporters.JUnitReportReporter -->
<testsuite hostname="LAPTOP-M6Q8BES5" failures="0" tests="2" name="POMF.NewTest6" time="33.906" errors="0" timestamp="2020-12-04T17:34:21 EST" skipped="0">
  <testcase classname="POMF.NewTest6" name="f" time="17.905"/>
  <system-out/>
  <testcase classname="POMF.NewTest6" name="f" time="16.001"/>
  <system-out/>
</testsuite> <!-- POMF.NewTest6 -->
