<?xml version="1.0" encoding="UTF-8"?>
<!-- Generated by org.testng.reporters.JUnitReportReporter -->
<testsuite hostname="LAPTOP-M6Q8BES5" failures="0" tests="1" name="testauto2.NewTest3" time="0.040" errors="0" timestamp="2020-11-12T19:51:06 EST" skipped="0">
  <testcase classname="testauto2.NewTest3" name="f" time="0.040"/>
  <system-out/>
</testsuite> <!-- testauto2.NewTest3 -->
