<?xml version="1.0" encoding="UTF-8"?>
<!-- Generated by org.testng.reporters.JUnitReportReporter -->
<testsuite hostname="LAPTOP-M6Q8BES5" failures="0" tests="4" name="testauto2.NewYork" time="92.954" errors="0" timestamp="2020-12-04T17:38:02 EST" skipped="0">
  <testcase classname="testauto2.NewYork" name="f" time="23.531"/>
  <system-out/>
  <testcase classname="testauto2.NewYork" name="f" time="24.845"/>
  <system-out/>
  <testcase classname="testauto2.NewYork" name="f" time="23.941"/>
  <system-out/>
  <testcase classname="testauto2.NewYork" name="f" time="20.637"/>
  <system-out/>
</testsuite> <!-- testauto2.NewYork -->
