<?xml version="1.0" encoding="UTF-8"?>
<!-- Generated by org.testng.reporters.JUnitReportReporter -->
<testsuite hostname="LAPTOP-M6Q8BES5" failures="0" tests="2" name="testauto2.NewTest" time="0.047" errors="0" timestamp="2020-11-12T17:00:00 EST" skipped="0">
  <testcase classname="testauto2.NewTest" name="f" time="0.036"/>
  <system-out/>
  <testcase classname="testauto2.NewTest" name="f1" time="0.011"/>
  <system-out>
TC2 is fail  </system-out>
</testsuite> <!-- testauto2.NewTest -->
