<?xml version="1.0" encoding="UTF-8"?>
<!-- Generated by org.testng.reporters.JUnitReportReporter -->
<testsuite hostname="LAPTOP-M6Q8BES5" failures="0" tests="1" name="testauto2.NewTest2" time="0.005" errors="0" timestamp="2020-11-12T17:00:00 EST" skipped="0">
  <testcase classname="testauto2.NewTest2" name="f" time="0.005"/>
  <system-out/>
</testsuite> <!-- testauto2.NewTest2 -->
