<?xml version="1.0" encoding="UTF-8"?>
<!-- Generated by org.testng.reporters.JUnitReportReporter -->
<testsuite hostname="LAPTOP-M6Q8BES5" failures="0" tests="1" name="testauto2.NewPara" time="18.681" errors="0" timestamp="2020-11-18T19:16:06 EST" skipped="0">
  <testcase classname="testauto2.NewPara" name="f" time="18.681"/>
  <system-out/>
</testsuite> <!-- testauto2.NewPara -->
