<?xml version="1.0" encoding="UTF-8"?>
<!-- Generated by org.testng.reporters.JUnitReportReporter -->
<testsuite hostname="LAPTOP-M6Q8BES5" failures="0" tests="2" name="testauto2.Anno3" time="38.841" errors="0" timestamp="2020-11-19T19:39:09 EST" skipped="0">
  <testcase classname="testauto2.Anno3" name="f" time="19.787"/>
  <system-out/>
  <testcase classname="testauto2.Anno3" name="f" time="19.054"/>
  <system-out/>
</testsuite> <!-- testauto2.Anno3 -->
