<?xml version="1.0" encoding="UTF-8"?>
<!-- Generated by org.testng.reporters.JUnitReportReporter -->
<testsuite hostname="LAPTOP-M6Q8BES5" failures="0" tests="2" name="testauto2.Anno1" time="0.088" errors="0" timestamp="2020-11-16T18:05:29 EST" skipped="0">
  <testcase classname="testauto2.Anno1" name="f" time="0.056"/>
  <system-out/>
  <testcase classname="testauto2.Anno1" name="f1" time="0.032"/>
  <system-out/>
</testsuite> <!-- testauto2.Anno1 -->
